<?xml version="1.0" encoding="utf-8"?><testsuites name="pytest tests"><testsuite name="pytest" errors="0" failures="0" skipped="0" tests="18" time="2.374" timestamp="2026-07-29T08:56:23.346838+00:00" hostname="agent-env-56a52e62-6491-4b10-b82b-a40bbfca0b86"><testcase classname="tests.backend_test" name="test_security_headers_present" time="0.204" /><testcase classname="tests.backend_test" name="test_unauthenticated_me_returns_401" time="0.146" /><testcase classname="tests.backend_test" name="test_unauthenticated_dashboard_returns_401" time="0.135" /><testcase classname="tests.backend_test" name="test_login_wrong_password_returns_401" time="0.139" /><testcase classname="tests.backend_test" name="test_login_success_and_me" time="0.271" /><testcase classname="tests.backend_test" name="test_dashboard_summary" time="0.046" /><testcase classname="tests.backend_test" name="test_dashboard_revenue_trend" time="0.045" /><testcase classname="tests.backend_test" name="test_list_clients" time="0.046" /><testcase classname="tests.backend_test" name="test_list_batches" time="0.045" /><testcase classname="tests.backend_test" name="test_list_plans" time="0.046" /><testcase classname="tests.backend_test" name="test_list_payments_and_overdue" time="0.056" /><testcase classname="tests.backend_test" name="test_reminder_templates" time="0.045" /><testcase classname="tests.backend_test" name="test_reminder_logs" time="0.046" /><testcase classname="tests.backend_test" name="test_send_manual_reminder_queues" time="0.136" /><testcase classname="tests.backend_test" name="test_manual_reminder_stays_queued_when_wati_unconfigured" time="0.131" /><testcase classname="tests.backend_test" name="test_wati_webhook_without_auth_returns_401" time="0.144" /><testcase classname="tests.backend_test" name="test_wati_webhook_with_wrong_bearer_returns_401" time="0.094" /><testcase classname="tests.backend_test" name="test_logout" time="0.045" /></testsuite></testsuites>